2020-09-16 23:54:30 - Sorry,no pcap files can be found under: E:\projects\Github\CICFLOWMETER/data/in/
2020-09-16 23:56:31 - 
2020-09-16 23:56:31 - CICFlowMeterV2 found: 1 Files.
2020-09-16 23:56:31 - 
2020-09-16 23:56:31 - 
2020-09-16 23:56:31 - Working on... 2020-9-8 171143.pcap 
2020-09-17 00:01:16 - 
2020-09-17 00:01:16 - CICFlowMeterV2 found: 1 Files.
2020-09-17 00:01:16 - 
2020-09-17 00:01:16 - 
2020-09-17 00:01:16 - Working on... 2020-9-8 171143.pcap 
2020-09-17 00:02:52 - Pcap is listening...
2020-09-17 00:04:52 - Pcap stop listening
2020-09-17 00:04:52 - path:E:\projects\Github\CICFLOWMETER\data\daily\2020-09-17_Flow.csv
2020-09-17 00:04:58 - path:E:\projects\Github\CICFLOWMETER\data\daily\2020-09-17_Flow.csv
2020-09-17 00:19:10 - Pcap is listening...
2020-09-17 00:19:28 - Pcap stop listening
2020-09-17 00:19:28 - path:E:\projects\Github\CICFLOWMETER\data\daily\2020-09-17_Flow.csv
2020-09-17 00:32:00 - Pcap is listening...
2020-09-17 00:38:49 - Pcap stop listening
2020-09-17 00:38:49 - path:E:\projects\Github\CICFLOWMETER\data\daily\2020-09-17_Flow.csv
2020-09-17 00:52:19 - Pcap is listening...
2020-09-17 00:52:49 - Pcap is listening...
2020-09-17 21:30:35 - Pcap is listening...
2020-09-17 21:31:37 - Pcap stop listening
2020-09-17 21:31:37 - path:E:\projects\Github\CICFLOWMETER\data\daily\2020-09-17_Flow.csv
2020-09-17 21:31:44 - Pcap is listening...
2020-09-17 21:32:37 - Pcap is listening...
2020-09-17 22:37:59 - Pcap is listening...
